<?xml version="1.0" encoding="UTF-8"?>
<!-- Generated by org.testng.reporters.JUnitXMLReporter -->
<testsuite ignored="0" hostname="DESKTOP-78NQA47" failures="3" tests="3" name="Test" time="16.547" errors="0" timestamp="2023-12-18T11:41:46 IST">
  <testcase classname="testCases.LoginTest" name="loginTest" time="1.197">
    <failure type="java.lang.AssertionError" message="expected [true] but found [false]">
      <![CDATA[java.lang.AssertionError: expected [true] but found [false]
at testCases.LoginTest.loginTest(LoginTest.java:33)
at java.base/java.util.ArrayList.forEach(ArrayList.java:1511)
... Removed 35 stack frames]]>
    </failure>
  </testcase> <!-- loginTest -->
  <testcase classname="testCases.LoginTest" name="loginTest" time="1.201">
    <failure type="java.lang.AssertionError" message="expected [true] but found [false]">
      <![CDATA[java.lang.AssertionError: expected [true] but found [false]
at testCases.LoginTest.loginTest(LoginTest.java:33)
at java.base/java.util.ArrayList.forEach(ArrayList.java:1511)
... Removed 35 stack frames]]>
    </failure>
  </testcase> <!-- loginTest -->
  <testcase classname="testCases.LoginTest" name="loginTest" time="1.173">
    <failure type="java.lang.AssertionError" message="expected [true] but found [false]">
      <![CDATA[java.lang.AssertionError: expected [true] but found [false]
at testCases.LoginTest.loginTest(LoginTest.java:33)
at java.base/java.util.ArrayList.forEach(ArrayList.java:1511)
... Removed 35 stack frames]]>
    </failure>
  </testcase> <!-- loginTest -->
</testsuite> <!-- Test -->
