<?xml version="1.0" encoding="UTF-8"?>
<testng-results ignored="0" total="2" passed="2" failed="0" skipped="0">
  <reporter-output>
  </reporter-output>
  <suite started-at="2023-12-06T10:03:18 IST" name="Suite" finished-at="2023-12-06T10:03:35 IST" duration-ms="16703">
    <groups>
    </groups>
    <test started-at="2023-12-06T10:03:18 IST" name="Test" finished-at="2023-12-06T10:03:35 IST" duration-ms="16703">
      <class name="testCases.LoginTest">
        <test-method is-config="true" signature="setUp()[pri:0, instance:testCases.LoginTest@1d2adfbe]" started-at="2023-12-06T10:03:18 IST" name="setUp" finished-at="2023-12-06T10:03:26 IST" duration-ms="8312" status="PASS">
          <reporter-output>
          </reporter-output>
        </test-method> <!-- setUp -->
        <test-method signature="loginTest()[pri:0, instance:testCases.LoginTest@1d2adfbe]" started-at="2023-12-06T10:03:26 IST" name="loginTest" finished-at="2023-12-06T10:03:27 IST" duration-ms="964" status="PASS">
          <reporter-output>
          </reporter-output>
        </test-method> <!-- loginTest -->
        <test-method is-config="true" signature="teardown()[pri:0, instance:testCases.LoginTest@1d2adfbe]" started-at="2023-12-06T10:03:27 IST" name="teardown" finished-at="2023-12-06T10:03:28 IST" duration-ms="285" status="PASS">
          <reporter-output>
          </reporter-output>
        </test-method> <!-- teardown -->
      </class> <!-- testCases.LoginTest -->
      <class name="testCases.LoginTest2">
        <test-method is-config="true" signature="setUp()[pri:0, instance:testCases.LoginTest2@158d2680]" started-at="2023-12-06T10:03:28 IST" name="setUp" finished-at="2023-12-06T10:03:33 IST" duration-ms="4904" status="PASS">
          <reporter-output>
          </reporter-output>
        </test-method> <!-- setUp -->
        <test-method signature="loginTest()[pri:0, instance:testCases.LoginTest2@158d2680]" started-at="2023-12-06T10:03:33 IST" name="loginTest" finished-at="2023-12-06T10:03:35 IST" duration-ms="2007" status="PASS">
          <reporter-output>
          </reporter-output>
        </test-method> <!-- loginTest -->
        <test-method is-config="true" signature="teardown()[pri:0, instance:testCases.LoginTest2@158d2680]" started-at="2023-12-06T10:03:35 IST" name="teardown" finished-at="2023-12-06T10:03:35 IST" duration-ms="171" status="PASS">
          <reporter-output>
          </reporter-output>
        </test-method> <!-- teardown -->
      </class> <!-- testCases.LoginTest2 -->
    </test> <!-- Test -->
  </suite> <!-- Suite -->
</testng-results>
