<?xml version="1.0" encoding="UTF-8"?>
<testng-results ignored="0" total="2" passed="2" failed="0" skipped="0">
  <reporter-output>
  </reporter-output>
  <suite started-at="2023-12-07T09:44:00 IST" name="Suite" finished-at="2023-12-07T09:44:22 IST" duration-ms="21511">
    <groups>
    </groups>
    <test started-at="2023-12-07T09:44:00 IST" name="chrometest" finished-at="2023-12-07T09:44:17 IST" duration-ms="17157">
      <class name="testCases.LoginTest">
        <test-method is-config="true" signature="setUp(java.lang.String)[pri:0, instance:testCases.LoginTest@74fe5c40]" started-at="2023-12-07T09:44:00 IST" name="setUp" finished-at="2023-12-07T09:44:13 IST" duration-ms="13359" status="PASS">
          <params>
            <param index="0">
              <value>
                <![CDATA[chrome]]>
              </value>
            </param>
          </params>
          <reporter-output>
          </reporter-output>
        </test-method> <!-- setUp -->
        <test-method signature="loginTest()[pri:0, instance:testCases.LoginTest@74fe5c40]" started-at="2023-12-07T09:44:13 IST" name="loginTest" finished-at="2023-12-07T09:44:17 IST" duration-ms="3513" status="PASS">
          <reporter-output>
          </reporter-output>
        </test-method> <!-- loginTest -->
        <test-method is-config="true" signature="teardown()[pri:0, instance:testCases.LoginTest@74fe5c40]" started-at="2023-12-07T09:44:17 IST" name="teardown" finished-at="2023-12-07T09:44:17 IST" duration-ms="230" status="PASS">
          <reporter-output>
          </reporter-output>
        </test-method> <!-- teardown -->
      </class> <!-- testCases.LoginTest -->
    </test> <!-- chrometest -->
    <test started-at="2023-12-07T09:44:00 IST" name="edgetest" finished-at="2023-12-07T09:44:22 IST" duration-ms="21511">
      <class name="testCases.LoginTest">
        <test-method is-config="true" signature="setUp(java.lang.String)[pri:0, instance:testCases.LoginTest@128d2484]" started-at="2023-12-07T09:44:00 IST" name="setUp" finished-at="2023-12-07T09:44:18 IST" duration-ms="18354" status="PASS">
          <params>
            <param index="0">
              <value>
                <![CDATA[edge]]>
              </value>
            </param>
          </params>
          <reporter-output>
          </reporter-output>
        </test-method> <!-- setUp -->
        <test-method signature="loginTest()[pri:0, instance:testCases.LoginTest@128d2484]" started-at="2023-12-07T09:44:18 IST" name="loginTest" finished-at="2023-12-07T09:44:21 IST" duration-ms="2842" status="PASS">
          <reporter-output>
          </reporter-output>
        </test-method> <!-- loginTest -->
        <test-method is-config="true" signature="teardown()[pri:0, instance:testCases.LoginTest@128d2484]" started-at="2023-12-07T09:44:21 IST" name="teardown" finished-at="2023-12-07T09:44:22 IST" duration-ms="269" status="PASS">
          <reporter-output>
          </reporter-output>
        </test-method> <!-- teardown -->
      </class> <!-- testCases.LoginTest -->
    </test> <!-- edgetest -->
  </suite> <!-- Suite -->
</testng-results>
